<?xml version="1.0" encoding="UTF-8"?>
<!-- Generated by org.testng.reporters.JUnitReportReporter -->
<testsuite hostname="LAPTOP-TLEH141H" name="net.javaguides.maven_web_project.welcometointernet.first" tests="2" failures="0" timestamp="6 Mar 2020 00:13:05 GMT" time="13.564" errors="0">
  <testcase name="screenshot" time="13.466" classname="net.javaguides.maven_web_project.welcometointernet.first"/>
  <testcase name="verifyLinkActive" time="0.098" classname="net.javaguides.maven_web_project.welcometointernet.first"/>
</testsuite> <!-- net.javaguides.maven_web_project.welcometointernet.first -->
